<?xml version="1.0" encoding="UTF-8"?>
<!-- Generated by org.testng.reporters.JUnitReportReporter -->
<testsuite skipped="0" hostname="Rachit-PC" name="plivo.com.test.SendMessage" tests="1" failures="0" timestamp="17 Nov 2017 17:40:56 GMT" time="4.276" errors="0">
  <testcase name="sendMessageTest" time="4.276" classname="plivo.com.test.SendMessage"/>
</testsuite> <!-- plivo.com.test.SendMessage -->
